Build started 30.03.2011 0:40:15.
     1>Project "E:\Work\WarChess\server\server.vcxproj" on node 2 (build target(s)).
     1>InitializeBuildStatus:
         Creating "Debug\server.unsuccessfulbuild" because "AlwaysCreate" was specified.
       ClCompile:
         C:\Program Files\Microsoft Visual Studio 10.0\VC\bin\CL.exe /c /I"C:\Program Files\boost\boost_1_44" /I. /ZI /nologo /W3 /WX- /Od /Oy- /D WIN32 /D _DEBUG /D _CONSOLE /D _CRT_SECURE_NO_DEPRECATE /D _UNICODE /D UNICODE /Gm /EHsc /RTC1 /MDd /GS /fp:precise /Zc:wchar_t /Zc:forScope /Fo"Debug\\" /Fd"Debug\vc100.pdb" /Gd /TP /analyze- /errorReport:prompt game\Connection.cpp game\Player.cpp game\PlayerManager.cpp main.cpp
         Player.cpp
         Connection.cpp
         Generating Code...
         Skipping... (no relevant changes detected)
         main.cpp
         PlayerManager.cpp
       ManifestResourceCompile:
         All outputs are up-to-date.
       Link:
         C:\Program Files\Microsoft Visual Studio 10.0\VC\bin\link.exe /ERRORREPORT:PROMPT /OUT:"E:\Work\WarChess\server\Debug\server.exe" /INCREMENTAL /NOLOGO /LIBPATH:"C:\Program Files\boost\boost_1_44\lib" ws2_32.lib winmm.lib kernel32.lib user32.lib gdi32.lib winspool.lib comdlg32.lib advapi32.lib shell32.lib ole32.lib oleaut32.lib uuid.lib odbc32.lib odbccp32.lib /MANIFEST /ManifestFile:"Debug\server.exe.intermediate.manifest" /MANIFESTUAC:"level='asInvoker' uiAccess='false'" /DEBUG /PDB:"E:\Work\WarChess\server\Debug\server.pdb" /SUBSYSTEM:CONSOLE /TLBID:1 /DYNAMICBASE:NO /IMPLIB:"E:\Work\WarChess\server\Debug\server.lib" /MACHINE:X86 Debug\server.exe.embed.manifest.res
         Debug\AMFArrayWriter.obj
         Debug\AMFObjectWriter.obj
         Debug\AMFReader.obj
         Debug\AMFWriter.obj
         Debug\BaseConnection.obj
         Debug\Connection.obj
         Debug\Player.obj
         Debug\PlayerManager.obj
         Debug\Settings.obj
         Debug\pugixml.obj
         Debug\pugixpath.obj
         Debug\AsyncIOSystem.obj
         Debug\CircularBuffer.obj
         Debug\String.obj
         Debug\Util.obj
         Debug\Console.obj
         Debug\CrossDomainPolicyResolver.obj
         Debug\main.obj
         Debug\Server.obj
       Manifest:
         C:\Program Files\Microsoft SDKs\Windows\v7.0A\bin\mt.exe /nologo /verbose /out:"Debug\server.exe.embed.manifest" /manifest Debug\server.exe.intermediate.manifest
         All outputs are up-to-date.
       LinkEmbedManifest:
         All outputs are up-to-date.
         server.vcxproj -> E:\Work\WarChess\server\Debug\server.exe
       FinalizeBuildStatus:
         Deleting file "Debug\server.unsuccessfulbuild".
         Touching "Debug\server.lastbuildstate".
     1>Done Building Project "E:\Work\WarChess\server\server.vcxproj" (build target(s)).

Build succeeded.

Time Elapsed 00:00:07.86
